Build started 3/28/2016 12:18:32 AM.
     1>Project "c:\Users\Mila I\documents\visual studio 2013\Projects\SAA_Homework_1\SAA_Homework_1\SAA_Homework_1.vcxproj" on node 2 (Build target(s)).
     1>ClCompile:
         C:\Program Files (x86)\Microsoft Visual Studio 12.0\VC\bin\CL.exe /c /ZI /nologo /W3 /WX- /sdl /Od /Oy- /D WIN32 /D _DEBUG /D _CONSOLE /D _LIB /D _UNICODE /D UNICODE /Gm /EHsc /RTC1 /MDd /GS /fp:precise /Zc:wchar_t /Zc:forScope /Fo"Debug\\" /Fd"Debug\vc120.pdb" /Gd /TP /analyze- /errorReport:prompt Exercise1.cpp
         Exercise1.cpp
       Link:
         C:\Program Files (x86)\Microsoft Visual Studio 12.0\VC\bin\link.exe /ERRORREPORT:PROMPT /OUT:"c:\users\mila i\documents\visual studio 2013\Projects\SAA_Homework_1\Debug\SAA_Homework_1.exe" /INCREMENTAL /NOLOGO kernel32.lib user32.lib gdi32.lib winspool.lib comdlg32.lib advapi32.lib shell32.lib ole32.lib oleaut32.lib uuid.lib odbc32.lib odbccp32.lib /MANIFEST /MANIFESTUAC:"level='asInvoker' uiAccess='false'" /manifest:embed /DEBUG /PDB:"c:\users\mila i\documents\visual studio 2013\Projects\SAA_Homework_1\Debug\SAA_Homework_1.pdb" /SUBSYSTEM:CONSOLE /TLBID:1 /DYNAMICBASE /NXCOMPAT /IMPLIB:"c:\users\mila i\documents\visual studio 2013\Projects\SAA_Homework_1\Debug\SAA_Homework_1.lib" /MACHINE:X86 Debug\Exercise1.obj
         Debug\main.obj
     1>main.obj : error LNK2019: unresolved external symbol "public: void __thiscall Exercise1::printResult(void)" (?printResult@Exercise1@@QAEXXZ) referenced in function _main
     1>c:\users\mila i\documents\visual studio 2013\Projects\SAA_Homework_1\Debug\SAA_Homework_1.exe : fatal error LNK1120: 1 unresolved externals
     1>Done Building Project "c:\Users\Mila I\documents\visual studio 2013\Projects\SAA_Homework_1\SAA_Homework_1\SAA_Homework_1.vcxproj" (Build target(s)) -- FAILED.

Build FAILED.

Time Elapsed 00:00:00.64
